
> temp_app@0.1.0 dev
> next dev

⚠ Warning: Next.js inferred your workspace root, but it may not be correct.
 We detected multiple lockfiles and selected the directory of /Users/laxmikumari/package-lock.json as the root directory.
 To silence this warning, set `turbopack.root` in your Next.js config, or consider removing one of the lockfiles if it's not needed.
   See https://nextjs.org/docs/app/api-reference/config/next-config-js/turbopack#root-directory for more information.
 Detected additional lockfiles: 
   * /Users/laxmikumari/Desktop/web/project going on /testseries/package-lock.json

▲ Next.js 16.1.5 (Turbopack)
- Local:         http://localhost:3000
- Network:       http://192.168.1.15:3000
- Environments: .env.local

✓ Starting...
✓ Ready in 553ms
 GET /auth/signin?callbackUrl=http%3A%2F%2Flocalhost%3A3000%2Ftest-series%2Fjee-advance 200 in 385ms (compile: 279ms, render: 106ms)
Error: querySrv ENOTFOUND _mongodb._tcp.testseries.vll987v.mongodb.net
    at ignore-listed frames {
  errno: undefined,
  code: 'ENOTFOUND',
  syscall: 'querySrv',
  hostname: '_mongodb._tcp.testseries.vll987v.mongodb.net'
}
⨯ unhandledRejection: Error: querySrv ENOTFOUND _mongodb._tcp.testseries.vll987v.mongodb.net
    at ignore-listed frames {
  errno: undefined,
  code: 'ENOTFOUND',
  syscall: 'querySrv',
  hostname: '_mongodb._tcp.testseries.vll987v.mongodb.net'
}
⨯ unhandledRejection:  Error: querySrv ENOTFOUND _mongodb._tcp.testseries.vll987v.mongodb.net
    at ignore-listed frames {
  errno: undefined,
  code: 'ENOTFOUND',
  syscall: 'querySrv',
  hostname: '_mongodb._tcp.testseries.vll987v.mongodb.net'
}
 GET /api/auth/session 200 in 704ms (compile: 692ms, render: 12ms)
 GET /api/auth/session 200 in 6ms (compile: 3ms, render: 3ms)
Unhandled Rejection: Error: querySrv ENOTFOUND _mongodb._tcp.testseries.vll987v.mongodb.net
    at ignore-listed frames {
  errno: undefined,
  code: 'ENOTFOUND',
  syscall: 'querySrv',
  hostname: '_mongodb._tcp.testseries.vll987v.mongodb.net'
}
Unhandled Rejection: Error: querySrv ENOTFOUND _mongodb._tcp.testseries.vll987v.mongodb.net
    at ignore-listed frames {
  errno: undefined,
  code: 'ENOTFOUND',
  syscall: 'querySrv',
  hostname: '_mongodb._tcp.testseries.vll987v.mongodb.net'
}
[31m[auth][error][0m UnknownAction: Only GET and POST requests are supported. Read more at https://errors.authjs.dev#unknownaction
    at toInternalRequest (/Users/laxmikumari/Desktop/web/project going on /testseries/.next/dev/server/chunks/adb4b_@auth_core_ce20200f._.js:1111:66)
    at Auth (/Users/laxmikumari/Desktop/web/project going on /testseries/.next/dev/server/chunks/adb4b_@auth_core_ce20200f._.js:5325:268)
    at httpHandler (/Users/laxmikumari/Desktop/web/project going on /testseries/.next/dev/server/chunks/[root-of-the-server]__b3fa1b00._.js:4342:254)
    at AsyncLocalStorage.run (node:internal/async_local_storage/async_hooks:80:14)
    at AppRouteRouteModule.do (/Users/laxmikumari/Desktop/web/project going on /testseries/node_modules/next/dist/compiled/next-server/app-route-turbo.runtime.dev.js:5:37945)
    at /Users/laxmikumari/Desktop/web/project going on /testseries/node_modules/next/dist/compiled/next-server/app-route-turbo.runtime.dev.js:5:47941
    at /Users/laxmikumari/Desktop/web/project going on /testseries/node_modules/next/dist/server/lib/trace/tracer.js:185:36
    at NoopContextManager.with (/Users/laxmikumari/Desktop/web/project going on /testseries/node_modules/next/dist/compiled/@opentelemetry/api/index.js:1:7062)
    at ContextAPI.with (/Users/laxmikumari/Desktop/web/project going on /testseries/node_modules/next/dist/compiled/@opentelemetry/api/index.js:1:518)
    at NoopTracer.startActiveSpan (/Users/laxmikumari/Desktop/web/project going on /testseries/node_modules/next/dist/compiled/@opentelemetry/api/index.js:1:18093)
    at ProxyTracer.startActiveSpan (/Users/laxmikumari/Desktop/web/project going on /testseries/node_modules/next/dist/compiled/@opentelemetry/api/index.js:1:18854)
    at /Users/laxmikumari/Desktop/web/project going on /testseries/node_modules/next/dist/server/lib/trace/tracer.js:154:103
    at NoopContextManager.with (/Users/laxmikumari/Desktop/web/project going on /testseries/node_modules/next/dist/compiled/@opentelemetry/api/index.js:1:7062)
    at ContextAPI.with (/Users/laxmikumari/Desktop/web/project going on /testseries/node_modules/next/dist/compiled/@opentelemetry/api/index.js:1:518)
    at NextTracerImpl.trace (/Users/laxmikumari/Desktop/web/project going on /testseries/node_modules/next/dist/server/lib/trace/tracer.js:154:28)
    at /Users/laxmikumari/Desktop/web/project going on /testseries/node_modules/next/dist/compiled/next-server/app-route-turbo.runtime.dev.js:5:47780
    at AsyncLocalStorage.run (node:internal/async_local_storage/async_hooks:91:14)
    at /Users/laxmikumari/Desktop/web/project going on /testseries/node_modules/next/dist/compiled/next-server/app-route-turbo.runtime.dev.js:5:45275
    at AsyncLocalStorage.run (node:internal/async_local_storage/async_hooks:91:14)
    at /Users/laxmikumari/Desktop/web/project going on /testseries/node_modules/next/dist/compiled/next-server/app-route-turbo.runtime.dev.js:5:45232
    at AsyncLocalStorage.run (node:internal/async_local_storage/async_hooks:91:14)
    at AppRouteRouteModule.handle (/Users/laxmikumari/Desktop/web/project going on /testseries/node_modules/next/dist/compiled/next-server/app-route-turbo.runtime.dev.js:5:45186)
 HEAD /api/auth/providers 400 in 270ms (compile: 263ms, render: 8ms)
Unhandled Rejection: Error: querySrv ENOTFOUND _mongodb._tcp.testseries.vll987v.mongodb.net
    at ignore-listed frames {
  errno: undefined,
  code: 'ENOTFOUND',
  syscall: 'querySrv',
  hostname: '_mongodb._tcp.testseries.vll987v.mongodb.net'
}
